app/build/outputs/apk/manifest-merger-debug-report.txt
-- Merging decision tree log ---
manifest
ADDED from AndroidManifest.xml:2:1
	package
		ADDED from AndroidManifest.xml:3:5
		INJECTED from AndroidManifest.xml:0:0
		INJECTED from AndroidManifest.xml:0:0
	android:versionName
		ADDED from AndroidManifest.xml:5:5
	android:versionCode
		ADDED from AndroidManifest.xml:4:5
		INJECTED from AndroidManifest.xml:0:0
		INJECTED from AndroidManifest.xml:0:0
	xmlns:android
		ADDED from AndroidManifest.xml:2:11
uses-sdk
ADDED from AndroidManifest.xml:7:5
MERGED from com.android.support:support-v4:21.0.3:15:5
MERGED from com.github.markushi:circlebutton:1.1:7:5
	android:targetSdkVersion
		INJECTED from AndroidManifest.xml:0:0
		INJECTED from AndroidManifest.xml:0:0
	android:minSdkVersion
		ADDED from AndroidManifest.xml:7:15
		INJECTED from AndroidManifest.xml:0:0
		INJECTED from AndroidManifest.xml:0:0
uses-permission#android.permission.INTERNET
ADDED from AndroidManifest.xml:9:5
	android:name
		ADDED from AndroidManifest.xml:9:22
uses-permission#android.permission.WRITE_EXTERNAL_STORAGE
ADDED from AndroidManifest.xml:10:5
	android:name
		ADDED from AndroidManifest.xml:10:22
uses-permission#android.permission.ACCESS_NETWORK_STATE
ADDED from AndroidManifest.xml:11:5
	android:name
		ADDED from AndroidManifest.xml:11:22
uses-permission#android.permission.ACCESS_WIFI_STATE
ADDED from AndroidManifest.xml:12:5
	android:name
		ADDED from AndroidManifest.xml:12:22
uses-permission#android.permission.READ_PHONE_STATE
ADDED from AndroidManifest.xml:13:5
	android:name
		ADDED from AndroidManifest.xml:13:22
uses-permission#android.permission.READ_LOGS
ADDED from AndroidManifest.xml:14:5
	android:name
		ADDED from AndroidManifest.xml:14:22
uses-permission#android.permission.RECORD_AUDIO
ADDED from AndroidManifest.xml:15:5
	android:name
		ADDED from AndroidManifest.xml:15:22
uses-permission#android.permission.RECEIVE_BOOT_COMPLETED
ADDED from AndroidManifest.xml:16:5
	android:name
		ADDED from AndroidManifest.xml:16:22
uses-permission#android.permission.SYSTEM_ALERT_WINDOW
ADDED from AndroidManifest.xml:17:5
	android:name
		ADDED from AndroidManifest.xml:17:22
uses-permission#android.permission.GET_TASKS
ADDED from AndroidManifest.xml:18:5
	android:name
		ADDED from AndroidManifest.xml:18:22
uses-permission#com.android.alarm.permission.SET_ALARM
ADDED from AndroidManifest.xml:19:5
	android:name
		ADDED from AndroidManifest.xml:19:22
uses-permission#android.permission.VIBRATE
ADDED from AndroidManifest.xml:20:5
	android:name
		ADDED from AndroidManifest.xml:20:22
uses-permission#com.android.launcher.permission.READ_SETTINGS
ADDED from AndroidManifest.xml:23:5
	android:name
		ADDED from AndroidManifest.xml:23:22
uses-permission#android.permission.CHANGE_WIFI_STATE
ADDED from AndroidManifest.xml:24:5
	android:name
		ADDED from AndroidManifest.xml:24:22
uses-permission#android.permission.BROADCAST_STICKY
ADDED from AndroidManifest.xml:25:5
	android:name
		ADDED from AndroidManifest.xml:25:22
uses-permission#android.permission.WRITE_SETTINGS
ADDED from AndroidManifest.xml:26:5
	android:name
		ADDED from AndroidManifest.xml:26:22
uses-permission#android.permission.ACCESS_COARSE_LOCATION
ADDED from AndroidManifest.xml:30:5
	android:name
		ADDED from AndroidManifest.xml:30:22
uses-permission#android.permission.ACCESS_FINE_LOCATION
ADDED from AndroidManifest.xml:32:5
	android:name
		ADDED from AndroidManifest.xml:32:22
uses-permission#android.permission.MOUNT_UNMOUNT_FILESYSTEMS
ADDED from AndroidManifest.xml:34:5
	android:name
		ADDED from AndroidManifest.xml:34:22
application
ADDED from AndroidManifest.xml:37:5
MERGED from com.android.support:support-v4:21.0.3:16:5
MERGED from com.github.markushi:circlebutton:1.1:9:5
	android:label
		ADDED from AndroidManifest.xml:40:9
	android:icon
		ADDED from AndroidManifest.xml:39:9
	android:theme
		ADDED from AndroidManifest.xml:41:9
	android:name
		ADDED from AndroidManifest.xml:38:9
activity#com.syc.yueme.ui.activity.ChatActivity
ADDED from AndroidManifest.xml:45:9
	android:launchMode
		ADDED from AndroidManifest.xml:47:13
	android:theme
		ADDED from AndroidManifest.xml:48:13
	android:name
		ADDED from AndroidManifest.xml:46:13
service#com.avos.avoscloud.PushService
ADDED from AndroidManifest.xml:50:9
	android:name
		ADDED from AndroidManifest.xml:50:18
receiver#com.avos.avoscloud.AVBroadcastReceiver
ADDED from AndroidManifest.xml:52:9
	android:name
		ADDED from AndroidManifest.xml:52:19
intent-filter#android.intent.action.BOOT_COMPLETED+android.intent.action.USER_PRESENT+com.avoscloud.chat.RETRY_CONNECT
ADDED from AndroidManifest.xml:53:13
action#android.intent.action.BOOT_COMPLETED
ADDED from AndroidManifest.xml:54:17
	android:name
		ADDED from AndroidManifest.xml:54:25
action#android.intent.action.USER_PRESENT
ADDED from AndroidManifest.xml:55:17
	android:name
		ADDED from AndroidManifest.xml:55:25
action#com.avoscloud.chat.RETRY_CONNECT
ADDED from AndroidManifest.xml:56:17
	android:name
		ADDED from AndroidManifest.xml:56:25
receiver#com.syc.yueme.service.receiver.MsgReceiver
ADDED from AndroidManifest.xml:59:9
	android:name
		ADDED from AndroidManifest.xml:59:19
intent-filter#android.intent.action.BOOT_COMPLETED+com.avoscloud.session.action
ADDED from AndroidManifest.xml:60:13
action#com.avoscloud.session.action
ADDED from AndroidManifest.xml:62:17
	android:name
		ADDED from AndroidManifest.xml:62:25
receiver#com.syc.yueme.service.receiver.GroupMsgReceiver
ADDED from AndroidManifest.xml:65:9
	android:name
		ADDED from AndroidManifest.xml:65:19
intent-filter#android.intent.action.BOOT_COMPLETED+com.avoscloud.group.action
ADDED from AndroidManifest.xml:66:13
action#com.avoscloud.group.action
ADDED from AndroidManifest.xml:68:17
	android:name
		ADDED from AndroidManifest.xml:68:25
activity#com.syc.yueme.ui.activity.MainActivity
ADDED from AndroidManifest.xml:72:9
	android:launchMode
		ADDED from AndroidManifest.xml:74:13
	android:name
		ADDED from AndroidManifest.xml:73:13
activity#com.syc.yueme.ui.activity.UpdateContentActivity
ADDED from AndroidManifest.xml:75:9
	android:theme
		ADDED from AndroidManifest.xml:77:13
	android:name
		ADDED from AndroidManifest.xml:76:13
activity#com.syc.yueme.ui.activity.SplashActivity
ADDED from AndroidManifest.xml:78:9
	android:theme
		ADDED from AndroidManifest.xml:80:13
	android:name
		ADDED from AndroidManifest.xml:79:13
intent-filter#android.intent.action.MAIN+android.intent.category.LAUNCHER
ADDED from AndroidManifest.xml:81:13
action#android.intent.action.MAIN
ADDED from AndroidManifest.xml:82:17
	android:name
		ADDED from AndroidManifest.xml:82:25
category#android.intent.category.LAUNCHER
ADDED from AndroidManifest.xml:84:17
	android:name
		ADDED from AndroidManifest.xml:84:27
activity#com.syc.yueme.ui.activity.ImageBrowerActivity
ADDED from AndroidManifest.xml:87:9
	android:name
		ADDED from AndroidManifest.xml:87:19
activity#com.syc.yueme.ui.activity.LocationActivity
ADDED from AndroidManifest.xml:88:9
	android:theme
		ADDED from AndroidManifest.xml:90:13
	android:name
		ADDED from AndroidManifest.xml:89:13
activity#com.syc.yueme.ui.activity.LoginActivity
ADDED from AndroidManifest.xml:91:9
	android:name
		ADDED from AndroidManifest.xml:91:19
activity#com.syc.yueme.ui.activity.RegisterActivity
ADDED from AndroidManifest.xml:92:9
	android:theme
		ADDED from AndroidManifest.xml:94:13
	android:name
		ADDED from AndroidManifest.xml:93:13
activity#com.syc.yueme.ui.activity.NewFriendActivity
ADDED from AndroidManifest.xml:95:9
	android:theme
		ADDED from AndroidManifest.xml:97:13
	android:name
		ADDED from AndroidManifest.xml:96:13
activity#com.syc.yueme.ui.activity.AddFriendActivity
ADDED from AndroidManifest.xml:98:9
	android:theme
		ADDED from AndroidManifest.xml:100:13
	android:name
		ADDED from AndroidManifest.xml:99:13
activity#com.syc.yueme.ui.activity.YueUpdateActivity
ADDED from AndroidManifest.xml:101:9
	android:theme
		ADDED from AndroidManifest.xml:103:13
	android:name
		ADDED from AndroidManifest.xml:102:13
activity#com.syc.yueme.ui.activity.MyMessageActivity
ADDED from AndroidManifest.xml:104:9
	android:theme
		ADDED from AndroidManifest.xml:106:13
	android:name
		ADDED from AndroidManifest.xml:105:13
activity#com.syc.yueme.ui.activity.YingYueActivity
ADDED from AndroidManifest.xml:107:9
	android:theme
		ADDED from AndroidManifest.xml:109:13
	android:name
		ADDED from AndroidManifest.xml:108:13
activity#com.syc.yueme.ui.activity.CommentUpdateActivity
ADDED from AndroidManifest.xml:110:9
	android:theme
		ADDED from AndroidManifest.xml:112:13
	android:name
		ADDED from AndroidManifest.xml:111:13
activity#com.syc.yueme.ui.activity.PersonInfoActivity
ADDED from AndroidManifest.xml:113:9
	android:theme
		ADDED from AndroidManifest.xml:115:13
	android:name
		ADDED from AndroidManifest.xml:114:13
activity#com.syc.yueme.ui.activity.NotifySettingActivity
ADDED from AndroidManifest.xml:116:9
	android:theme
		ADDED from AndroidManifest.xml:118:13
	android:name
		ADDED from AndroidManifest.xml:117:13
activity#com.syc.yueme.ui.activity.GroupListActivity
ADDED from AndroidManifest.xml:119:9
	android:label
		ADDED from AndroidManifest.xml:121:13
	android:theme
		ADDED from AndroidManifest.xml:122:13
	android:name
		ADDED from AndroidManifest.xml:120:13
activity#com.syc.yueme.ui.activity.GroupDetailActivity
ADDED from AndroidManifest.xml:123:9
	android:theme
		ADDED from AndroidManifest.xml:125:13
	android:name
		ADDED from AndroidManifest.xml:124:13
activity#com.syc.yueme.ui.activity.GroupAddMembersActivity
ADDED from AndroidManifest.xml:126:9
	android:label
		ADDED from AndroidManifest.xml:128:13
	android:theme
		ADDED from AndroidManifest.xml:129:13
	android:name
		ADDED from AndroidManifest.xml:127:13
service#com.baidu.location.f
ADDED from AndroidManifest.xml:131:9
	android:enabled
		ADDED from AndroidManifest.xml:133:13
	android:process
		ADDED from AndroidManifest.xml:134:13
	android:name
		ADDED from AndroidManifest.xml:132:13
meta-data#com.baidu.lbsapi.API_KEY
ADDED from AndroidManifest.xml:147:9
	android:value
		ADDED from AndroidManifest.xml:149:13
	android:name
		ADDED from AndroidManifest.xml:148:13
activity#com.syc.yueme.ui.activity.PasswordChangeActivity
ADDED from AndroidManifest.xml:151:9
	android:label
		ADDED from AndroidManifest.xml:153:13
	android:theme
		ADDED from AndroidManifest.xml:154:13
	android:name
		ADDED from AndroidManifest.xml:152:13
activity#com.syc.yueme.ui.activity.RegisterActivity2
ADDED from AndroidManifest.xml:156:9
	android:label
		ADDED from AndroidManifest.xml:158:13
	android:name
		ADDED from AndroidManifest.xml:157:13
activity#com.syc.yueme.ui.activity.RegisterActivity1
ADDED from AndroidManifest.xml:160:9
	android:label
		ADDED from AndroidManifest.xml:162:13
	android:name
		ADDED from AndroidManifest.xml:161:13
activity#com.syc.yueme.ui.activity.RegisterActivity3
ADDED from AndroidManifest.xml:164:9
	android:label
		ADDED from AndroidManifest.xml:166:13
	android:name
		ADDED from AndroidManifest.xml:165:13
activity#com.syc.yueme.ui.activity.RegisterActivity4
ADDED from AndroidManifest.xml:168:9
	android:label
		ADDED from AndroidManifest.xml:170:13
	android:name
		ADDED from AndroidManifest.xml:169:13
activity#com.syc.yueme.ui.activity.UserInfoActivity
ADDED from AndroidManifest.xml:172:9
	android:label
		ADDED from AndroidManifest.xml:174:13
	android:theme
		ADDED from AndroidManifest.xml:175:13
	android:name
		ADDED from AndroidManifest.xml:173:13
activity#com.syc.yueme.ui.activity.UserCharacristicsActivity
ADDED from AndroidManifest.xml:177:9
	android:label
		ADDED from AndroidManifest.xml:179:13
	android:theme
		ADDED from AndroidManifest.xml:180:13
	android:name
		ADDED from AndroidManifest.xml:178:13
activity#com.syc.yueme.ui.activity.UserHobbiesActivity
ADDED from AndroidManifest.xml:182:9
	android:label
		ADDED from AndroidManifest.xml:184:13
	android:theme
		ADDED from AndroidManifest.xml:185:13
	android:name
		ADDED from AndroidManifest.xml:183:13
activity#com.syc.yueme.ui.activity.UserSignActivity
ADDED from AndroidManifest.xml:187:9
	android:label
		ADDED from AndroidManifest.xml:189:13
	android:theme
		ADDED from AndroidManifest.xml:190:13
	android:name
		ADDED from AndroidManifest.xml:188:13
activity#com.syc.yueme.ui.activity.UserSpecialityActivity
ADDED from AndroidManifest.xml:192:9
	android:label
		ADDED from AndroidManifest.xml:194:13
	android:theme
		ADDED from AndroidManifest.xml:195:13
	android:name
		ADDED from AndroidManifest.xml:193:13
activity#com.syc.yueme.ui.activity.PasswordResetActivity
ADDED from AndroidManifest.xml:197:9
	android:label
		ADDED from AndroidManifest.xml:199:13
	android:theme
		ADDED from AndroidManifest.xml:200:13
	android:name
		ADDED from AndroidManifest.xml:198:13
activity#com.syc.yueme.ui.activity.UserHometownActivity
ADDED from AndroidManifest.xml:202:9
	android:label
		ADDED from AndroidManifest.xml:204:13
	android:theme
		ADDED from AndroidManifest.xml:205:13
	android:name
		ADDED from AndroidManifest.xml:203:13
activity#com.syc.yueme.ui.activity.UserNicknameActivity
ADDED from AndroidManifest.xml:207:9
	android:label
		ADDED from AndroidManifest.xml:209:13
	android:theme
		ADDED from AndroidManifest.xml:210:13
	android:name
		ADDED from AndroidManifest.xml:208:13
service#com.syc.yueme.service.receiver.MyYueMessageService
ADDED from AndroidManifest.xml:213:9
	android:enabled
		ADDED from AndroidManifest.xml:215:13
	android:exported
		ADDED from AndroidManifest.xml:216:13
	android:name
		ADDED from AndroidManifest.xml:214:13
service#com.syc.yueme.service.MyYueMessageService
ADDED from AndroidManifest.xml:218:9
	android:enabled
		ADDED from AndroidManifest.xml:220:13
	android:exported
		ADDED from AndroidManifest.xml:221:13
	android:name
		ADDED from AndroidManifest.xml:219:13